Performing C SOURCE FILE Test CMAKE_HAVE_LIBC_PTHREAD failed with the following output:
Change Dir: /media/smallflyfly/DATA_MANAGER/AI/TensorRT-project/resnet/cmake-build-debug/CMakeFiles/CMakeTmp

Run Build Command(s):/usr/bin/make cmTC_ddce1/fast && /usr/bin/make  -f CMakeFiles/cmTC_ddce1.dir/build.make CMakeFiles/cmTC_ddce1.dir/build
make[1]: Entering directory '/media/smallflyfly/DATA_MANAGER/AI/TensorRT-project/resnet/cmake-build-debug/CMakeFiles/CMakeTmp'
Building C object CMakeFiles/cmTC_ddce1.dir/src.c.o
/usr/bin/cc -DCMAKE_HAVE_LIBC_PTHREAD  -fPIC  -o CMakeFiles/cmTC_ddce1.dir/src.c.o -c /media/smallflyfly/DATA_MANAGER/AI/TensorRT-project/resnet/cmake-build-debug/CMakeFiles/CMakeTmp/src.c
Linking C executable cmTC_ddce1
/home/smallflyfly/clion-2021.1/bin/cmake/linux/bin/cmake -E cmake_link_script CMakeFiles/cmTC_ddce1.dir/link.txt --verbose=1
/usr/bin/cc -fPIC  CMakeFiles/cmTC_ddce1.dir/src.c.o -o cmTC_ddce1 
CMakeFiles/cmTC_ddce1.dir/src.c.o: In function `main':
src.c:(.text+0x3e): undefined reference to `pthread_create'
src.c:(.text+0x4a): undefined reference to `pthread_detach'
src.c:(.text+0x56): undefined reference to `pthread_cancel'
src.c:(.text+0x67): undefined reference to `pthread_join'
src.c:(.text+0x7b): undefined reference to `pthread_atfork'
collect2: error: ld returned 1 exit status
CMakeFiles/cmTC_ddce1.dir/build.make:105: recipe for target 'cmTC_ddce1' failed
make[1]: *** [cmTC_ddce1] Error 1
make[1]: Leaving directory '/media/smallflyfly/DATA_MANAGER/AI/TensorRT-project/resnet/cmake-build-debug/CMakeFiles/CMakeTmp'
Makefile:140: recipe for target 'cmTC_ddce1/fast' failed
make: *** [cmTC_ddce1/fast] Error 2


Source file was:
#include <pthread.h>

static void* test_func(void* data)
{
  return data;
}

int main(void)
{
  pthread_t thread;
  pthread_create(&thread, NULL, test_func, NULL);
  pthread_detach(thread);
  pthread_cancel(thread);
  pthread_join(thread, NULL);
  pthread_atfork(NULL, NULL, NULL);
  pthread_exit(NULL);

  return 0;
}

Determining if the function pthread_create exists in the pthreads failed with the following output:
Change Dir: /media/smallflyfly/DATA_MANAGER/AI/TensorRT-project/resnet/cmake-build-debug/CMakeFiles/CMakeTmp

Run Build Command(s):/usr/bin/make cmTC_27c2f/fast && /usr/bin/make  -f CMakeFiles/cmTC_27c2f.dir/build.make CMakeFiles/cmTC_27c2f.dir/build
make[1]: Entering directory '/media/smallflyfly/DATA_MANAGER/AI/TensorRT-project/resnet/cmake-build-debug/CMakeFiles/CMakeTmp'
Building C object CMakeFiles/cmTC_27c2f.dir/CheckFunctionExists.c.o
/usr/bin/cc   -fPIC -DCHECK_FUNCTION_EXISTS=pthread_create -o CMakeFiles/cmTC_27c2f.dir/CheckFunctionExists.c.o -c /home/smallflyfly/clion-2021.1/bin/cmake/linux/share/cmake-3.19/Modules/CheckFunctionExists.c
Linking C executable cmTC_27c2f
/home/smallflyfly/clion-2021.1/bin/cmake/linux/bin/cmake -E cmake_link_script CMakeFiles/cmTC_27c2f.dir/link.txt --verbose=1
/usr/bin/cc -fPIC -DCHECK_FUNCTION_EXISTS=pthread_create CMakeFiles/cmTC_27c2f.dir/CheckFunctionExists.c.o -o cmTC_27c2f  -lpthreads 
/usr/bin/ld: cannot find -lpthreads
collect2: error: ld returned 1 exit status
CMakeFiles/cmTC_27c2f.dir/build.make:105: recipe for target 'cmTC_27c2f' failed
make[1]: *** [cmTC_27c2f] Error 1
make[1]: Leaving directory '/media/smallflyfly/DATA_MANAGER/AI/TensorRT-project/resnet/cmake-build-debug/CMakeFiles/CMakeTmp'
Makefile:140: recipe for target 'cmTC_27c2f/fast' failed
make: *** [cmTC_27c2f/fast] Error 2



