Performing C SOURCE FILE Test CMAKE_HAVE_LIBC_PTHREAD failed with the following output:
Change Dir: /media/smallflyfly/DATA_MANAGER/AI/TensorRT-project/samples/cmake-build-debug/CMakeFiles/CMakeTmp

Run Build Command(s):/usr/bin/make cmTC_1abda/fast && /usr/bin/make  -f CMakeFiles/cmTC_1abda.dir/build.make CMakeFiles/cmTC_1abda.dir/build
make[1]: Entering directory '/media/smallflyfly/DATA_MANAGER/AI/TensorRT-project/samples/cmake-build-debug/CMakeFiles/CMakeTmp'
Building C object CMakeFiles/cmTC_1abda.dir/src.c.o
/usr/bin/cc -DCMAKE_HAVE_LIBC_PTHREAD  -fPIC  -o CMakeFiles/cmTC_1abda.dir/src.c.o -c /media/smallflyfly/DATA_MANAGER/AI/TensorRT-project/samples/cmake-build-debug/CMakeFiles/CMakeTmp/src.c
Linking C executable cmTC_1abda
/home/smallflyfly/clion-2021.1/bin/cmake/linux/bin/cmake -E cmake_link_script CMakeFiles/cmTC_1abda.dir/link.txt --verbose=1
/usr/bin/cc -fPIC  -rdynamic CMakeFiles/cmTC_1abda.dir/src.c.o -o cmTC_1abda 
CMakeFiles/cmTC_1abda.dir/src.c.o: In function `main':
src.c:(.text+0x3e): undefined reference to `pthread_create'
src.c:(.text+0x4a): undefined reference to `pthread_detach'
src.c:(.text+0x56): undefined reference to `pthread_cancel'
src.c:(.text+0x67): undefined reference to `pthread_join'
src.c:(.text+0x7b): undefined reference to `pthread_atfork'
collect2: error: ld returned 1 exit status
CMakeFiles/cmTC_1abda.dir/build.make:105: recipe for target 'cmTC_1abda' failed
make[1]: *** [cmTC_1abda] Error 1
make[1]: Leaving directory '/media/smallflyfly/DATA_MANAGER/AI/TensorRT-project/samples/cmake-build-debug/CMakeFiles/CMakeTmp'
Makefile:140: recipe for target 'cmTC_1abda/fast' failed
make: *** [cmTC_1abda/fast] Error 2


Source file was:
#include <pthread.h>

static void* test_func(void* data)
{
  return data;
}

int main(void)
{
  pthread_t thread;
  pthread_create(&thread, NULL, test_func, NULL);
  pthread_detach(thread);
  pthread_cancel(thread);
  pthread_join(thread, NULL);
  pthread_atfork(NULL, NULL, NULL);
  pthread_exit(NULL);

  return 0;
}

Determining if the function pthread_create exists in the pthreads failed with the following output:
Change Dir: /media/smallflyfly/DATA_MANAGER/AI/TensorRT-project/samples/cmake-build-debug/CMakeFiles/CMakeTmp

Run Build Command(s):/usr/bin/make cmTC_af0b5/fast && /usr/bin/make  -f CMakeFiles/cmTC_af0b5.dir/build.make CMakeFiles/cmTC_af0b5.dir/build
make[1]: Entering directory '/media/smallflyfly/DATA_MANAGER/AI/TensorRT-project/samples/cmake-build-debug/CMakeFiles/CMakeTmp'
Building C object CMakeFiles/cmTC_af0b5.dir/CheckFunctionExists.c.o
/usr/bin/cc   -fPIC -DCHECK_FUNCTION_EXISTS=pthread_create -o CMakeFiles/cmTC_af0b5.dir/CheckFunctionExists.c.o -c /home/smallflyfly/clion-2021.1/bin/cmake/linux/share/cmake-3.19/Modules/CheckFunctionExists.c
Linking C executable cmTC_af0b5
/home/smallflyfly/clion-2021.1/bin/cmake/linux/bin/cmake -E cmake_link_script CMakeFiles/cmTC_af0b5.dir/link.txt --verbose=1
/usr/bin/cc -fPIC -DCHECK_FUNCTION_EXISTS=pthread_create -rdynamic CMakeFiles/cmTC_af0b5.dir/CheckFunctionExists.c.o -o cmTC_af0b5  -lpthreads 
/usr/bin/ld: cannot find -lpthreads
collect2: error: ld returned 1 exit status
CMakeFiles/cmTC_af0b5.dir/build.make:105: recipe for target 'cmTC_af0b5' failed
make[1]: *** [cmTC_af0b5] Error 1
make[1]: Leaving directory '/media/smallflyfly/DATA_MANAGER/AI/TensorRT-project/samples/cmake-build-debug/CMakeFiles/CMakeTmp'
Makefile:140: recipe for target 'cmTC_af0b5/fast' failed
make: *** [cmTC_af0b5/fast] Error 2



